0 info it worked if it ends with ok
1 verbose cli [ 'C:\\Program Files\\nodejs\\\\node.exe',
1 verbose cli   'C:\\Program Files\\nodejs\\node_modules\\npm\\bin\\npm-cli.js',
1 verbose cli   'install',
1 verbose cli   'grunt',
1 verbose cli   '--save-dev' ]
2 info using npm@1.4.28
3 info using node@v0.10.32
4 verbose node symlink C:\Program Files\nodejs\\node.exe
5 warn package.json JustBlog@1.0.0 No repository field.
6 warn package.json JustBlog@1.0.0 No README data
7 verbose readDependencies using package.json deps
8 verbose cache add [ 'grunt', null ]
9 verbose cache add name=undefined spec="grunt" args=["grunt",null]
10 verbose parsed url { protocol: null,
10 verbose parsed url   slashes: null,
10 verbose parsed url   auth: null,
10 verbose parsed url   host: null,
10 verbose parsed url   port: null,
10 verbose parsed url   hostname: null,
10 verbose parsed url   hash: null,
10 verbose parsed url   search: null,
10 verbose parsed url   query: null,
10 verbose parsed url   pathname: 'grunt',
10 verbose parsed url   path: 'grunt',
10 verbose parsed url   href: 'grunt' }
11 silly lockFile 20ff3fd8-grunt grunt
12 verbose lock grunt C:\Users\NeeKin\AppData\Roaming\npm-cache\20ff3fd8-grunt.lock
13 silly lockFile 20ff3fd8-grunt grunt
14 silly lockFile 20ff3fd8-grunt grunt
15 verbose addNamed [ 'grunt', '' ]
16 verbose addNamed [ null, '*' ]
17 silly lockFile 55f1ff24-grunt grunt@
18 verbose lock grunt@ C:\Users\NeeKin\AppData\Roaming\npm-cache\55f1ff24-grunt.lock
19 silly addNameRange { name: 'grunt', range: '*', hasData: false }
20 verbose request where is /grunt
21 verbose request registry https://registry.npmjs.org/
22 verbose request id 8346d9ebe245b692
23 verbose url raw /grunt
24 verbose url resolving [ 'https://registry.npmjs.org/', './grunt' ]
25 verbose url resolved https://registry.npmjs.org/grunt
26 verbose request where is https://registry.npmjs.org/grunt
27 info trying registry request attempt 1 at 10:11:41
28 http GET https://registry.npmjs.org/grunt
29 http 200 https://registry.npmjs.org/grunt
30 verbose bad json {"_id":"grunt","_rev":"877-2025851add7b29b052fe4bd2ed6695ed","name":"grunt","description":"The JavaScript Task Runner","dist-tags":{"latest":"0.4.5","03-devel":"0.3.13-a","devel":"0.4.0-rc2","master":"0.4.0-rc8"},"versions":{"0.1.0":{"author":{"name":"\"Cowboy\" Ben Alman","url":"http://benalman.com/"},"name":"grunt","description":"A command line build tool for JavaScript projects.","version":"0.1.0","homepage":"http://github.com/cowboy/grunt","repository":{"type":"git","url":"git://github.com/cowboy/grunt.git"},"bugs":{"url":"http://github.com/cowboy/grunt/issues"},"licenses":[{"type":"MIT","url":"http://github.com/cowboy/grunt/blob/master/LICENSE-MIT"}],"main":"lib/grunt","bin":{"grunt":"bin/grunt"},"engines":{"node":">= 0.4.12"},"preferGlobal":true,"keywords":["cli","minify","uglify","build","underscore","unit","test","make","jake","tool"],"dependencies":{"colors":"~0.6.0","dateformat":"1.0.2-1.2.3","glob-whatev":"~0.1.0","handlebars":"1.0.2beta","jshint":"~0.5","nodeunit":"~0.6.4","nopt":"~1.0.10","uglify-js":"~1.0.7","underscore":"~1.2.4","gzip-js":"~0.3.1"},"devDependencies":{},"_npmUser":{"name":"cowboy","email":"cowboy@rj3.net"},"_id":"grunt@0.1.0","_engineSupported":true,"_npmVersion":"1.0.106","_nodeVersion":"v0.6.6","_defaultsLoaded":true,"dist":{"shasum":"8f2e718664a7db2d5efdb27622ba2d22277039d1","tarball":"http://registry.npmjs.org/grunt/-/grunt-0.1.0.tgz"},"maintainers":[{"name":"cowboy","email":"cowboy@rj3.net"}],"directories":{}},"0.1.1":{"author":{"name":"\"Cowboy\" Ben Alman","url":"http://benalman.com/"},"name":"grunt","description":"A command line build tool for JavaScript projects.","version":"0.1.1","homepage":"http://github.com/cowboy/grunt","repository":{"type":"git","url":"git://github.com/cowboy/grunt.git"},"bugs":{"url":"http://github.com/cowboy/grunt/issues"},"licenses":[{"type":"MIT","url":"http://github.com/cowboy/grunt/blob/master/LICENSE-MIT"}],"main":"lib/grunt","bin":{"grunt":"bin/grunt"},"engines":{"node":">= 0.4.12"},"preferGlobal":true,"keywords":["cli","minify","uglify","build","underscore","unit","test","make","jake","tool"],"dependencies":{"colors":"~0.6.0","dateformat":"1.0.2-1.2.3","glob-whatev":"~0.1.0","handlebars":"1.0.2beta","jshint":"~0.5","nodeunit":"~0.6.4","nopt":"~1.0.10","uglify-js":"~1.0.7","underscore":"~1.2.4","gzip-js":"~0.3.1"},"devDependencies":{},"_npmUser":{"name":"cowboy","email":"cowboy@rj3.net"},"_id":"grunt@0.1.1","_engineSupported":true,"_npmVersion":"1.0.106","_nodeVersion":"v0.6.7","_defaultsLoaded":true,"dist":{"shasum":"1ec7c1be13b3c5d805424d3735c9d3b5bb91b98a","tarball":"http://registry.npmjs.org/grunt/-/grunt-0.1.1.tgz"},"maintainers":[{"name":"cowboy","email":"cowboy@rj3.net"}],"directories":{}},"0.1.2":{"author":{"name":"\"Cowboy\" Ben Alman","url":"http://benalman.com/"},"name":"grunt","description":"A command line build tool for JavaScript projects.","version":"0.1.2","homepage":"http://github.com/cowboy/grunt","repository":{"type":"git","url":"git://github.com/cowboy/grunt.git"},"bugs":{"url":"http://github.com/cowboy/grunt/issues"},"licenses":[{"type":"MIT","url":"http://github.com/cowboy/grunt/blob/master/LICENSE-MIT"}],"main":"lib/grunt","bin":{"grunt":"bin/grunt"},"engines":{"node":">= 0.4.12"},"preferGlobal":true,"keywords":["cli","minify","uglify","build","underscore","unit","test","make","jake","tool"],"dependencies":{"colors":"~0.6.0","dateformat":"1.0.2-1.2.3","glob-whatev":"~0.1.0","handlebars":"1.0.2beta","jshint":"~0.5","nodeunit":"~0.6.4","nopt":"~1.0.10","uglify-js":"~1.0.7","underscore":"~1.2.4","gzip-js":"~0.3.1"},"devDependencies":{},"_npmUser":{"name":"cowboy","email":"cowboy@rj3.net"},"_id":"grunt@0.1.2","_engineSupported":true,"_npmVersion":"1.0.106","_nodeVersion":"v0.6.7","_defaultsLoaded":true,"dist":{"shasum":"f56884f5032b7b9aa479dcff43a3a189b880e2d2","tarball":"http://registry.npmjs.org/grunt/-/grunt-0.1.2.tgz"},"maintainers":[{"name":"cowboy","email":"cowboy@rj3.net"}],"directories":{}},"0.2.0":{"name":"grunt","description":"A command line build tool for JavaScript projects.","version":"0.2.0","author":{"name":"\"Cowboy\" Ben Alman","url":"http://benalman.com/"},"homepage":"http://github.com/cowboy/grunt","repository":{"type":"git","url":"git://github.com/cowboy/grunt.git"},"bugs":{"url":"http://github.com/cowboy/grunt/issues"},"licenses":[{"type":"MIT","url":"http://github.com/cowboy/grunt/blob/master/LICENSE-MIT"}],"main":"lib/grunt","bin":{"grunt":"bin/grunt"},"scripts":{"test":"grunt test"},"engines":{"node":">= 0.4.12"},"preferGlobal":true,"keywords":["cli","minify","uglify","build","underscore","unit","test","make","jake","tool"],"dependencies":{"async":"~0.1.15","colors":"~0.6.0","dateformat":"1.0.2-1.2.3","glob-whatev":"~0.1.0","handlebars":"1.0.2beta","jshint":"~0.5","nodeunit":"~0.6.4","nopt":"~1.0.10","prompt":"~0.1.12","semver":"~1.0.13","uglify-js":"~1.0.7","underscore":"~1.2.4","gzip-js":"~0.3.1"},"devDependencies":{},"_npmUser":{"name":"cowboy","email":"cowboy@rj3.net"},"_id":"grunt@0.2.0","_engineSupported":true,"_npmVersion":"1.0.106","_nodeVersion":"v0.6.7","_defaultsLoaded":true,"dist":{"shasum":"316dcec57682b1b3ac6d4a46401e2fa0850d96a5","tarball":"http://registry.npmjs.org/grunt/-/grunt-0.2.0.tgz"},"maintainers":[{"name":"cowboy","email":"cowboy@rj3.net"}],"directories":{}},"0.2.1":{"name":"grunt","description":"A command line build tool for JavaScript projects.","version":"0.2.1","author":{"name":"\"Cowboy\" Ben Alman","url":"http://benalman.com/"},"homepage":"http://github.com/cowboy/grunt","repository":{"type":"git","url":"git://github.com/cowboy/grunt.git"},"bugs":{"url":"http://github.com/cowboy/grunt/issues"},"licenses":[{"type":"MIT","url":"http://github.com/cowboy/grunt/blob/master/LICENSE-MIT"}],"main":"lib/grunt","bin":{"grunt":"bin/grunt"},"scripts":{"test":"grunt test"},"engines":{"node":">= 0.6.0"},"preferGlobal":true,"keywords":["cli","minify","uglify","build","underscore","unit","test","make","jake","tool"],"dependencies":{"async":"~0.1.15","colors":"~0.6.0","dateformat":"1.0.2-1.2.3","glob-whatev":"~0.1.0","jshint":"~0.5","nodeunit":"~0.6.4","nopt":"~1.0.10","prompt":"~0.1.12","semver":"~1.0.13","uglify-js":"~1.0.7","underscore":"~1.2.4","gzip-js":"~0.3.1"},"devDependencies":{},"_npmUser":{"name":"cowboy","email":"cowboy@rj3.net"},"_id":"grunt@0.2.1","_engineSupported":true,"_npmVersion":"1.0.106","_nodeVersion":"v0.6.7","_defaultsLoaded":true,"dist":{"shasum":"5dcde15244e6b1fcd5e0e61cbc6c7f3b1c9edaa5","tarball":"http://registry.npmjs.org/grunt/-/grunt-0.2.1.tgz"},"maintainers":[{"name":"cowboy","email":"cowboy@rj3.net"}],"directories":{}},"0.2.2":{"name":"grunt","description":"A command line build tool for JavaScript projects.","version":"0.2.2","author":{"name":"\"Cowboy\" Ben Alman","url":"http://benalman.com/"},"homepage":"http://github.com/cowboy/grunt","repository":{"type":"git","url":"git://github.com/cowboy/grunt.git"},"bugs":{"url":"http://github.com/cowboy/grunt/issues"},"licenses":[{"type":"MIT","url":"http://github.com/cowboy/grunt/blob/master/LICENSE-MIT"}],"main":"lib/grunt","bin":{"grunt":"bin/grunt"},"scripts":{"test":"grunt test"},"engines":{"node":">= 0.6.0"},"preferGlobal":true,"keywords":["cli","minify","uglify","build","underscore","unit","test","make","jake","tool"],"dependencies":{"async":"~0.1.15","colors":"~0.6.0","dateformat":"1.0.2-1.2.3","glob-whatev":"~0.1.0","jshint":"~0.5","nodeunit":"~0.6.4","nopt":"~1.0.10","prompt":"~0.1.12","semver":"~1.0.13","uglify-js":"~1.0.7","underscore":"~1.2.4","gzip-js":"~0.3.1"},"devDependencies":{},"_npmUser":{"name":"cowboy","email":"cowboy@rj3.net"},"_id":"grunt@0.2.2","_engineSupported":true,"_npmVersion":"1.0.106","_nodeVersion":"v0.6.7","_defaultsLoaded":true,"dist":{"shasum":"7105c2f3f3c046812d982089f7ba2d2a3f0d35f7","tarball":"http://registry.npmjs.org/grunt/-/grunt-0.2.2.tgz"},"maintainers":[{"name":"cowboy","email":"cowboy@rj3.net"}],"directories":{}},"0.2.3":{"name":"grunt","description":"A command line build tool for JavaScript projects.","version":"0.2.3","author":{"name":"\"Cowboy\" Ben Alman","url":"http://benalman.com/"},"homepage":"http://github.com/cowboy/grunt","repository":{"type":"git","url":"git://github.com/cowboy/grun
31 error registry error parsing json
32 verbose headers { date: 'Fri, 21 Nov 2014 02:11:56 GMT',
32 verbose headers   server: 'CouchDB/1.5.0 (Erlang OTP/R16B03)',
32 verbose headers   etag: '"4CO7I67PZEMJW05FA2OLBJR36"',
32 verbose headers   'content-type': 'application/json',
32 verbose headers   'cache-control': 'max-age=60',
32 verbose headers   'content-length': '87473',
32 verbose headers   'accept-ranges': 'bytes',
32 verbose headers   via: '1.1 varnish',
32 verbose headers   age: '42',
32 verbose headers   'x-served-by': 'cache-lcy1122-LCY',
32 verbose headers   'x-cache': 'HIT',
32 verbose headers   'x-cache-hits': '1',
32 verbose headers   'x-timer': 'S1416535916.487752,VS0,VE0',
32 verbose headers   vary: 'Accept',
32 verbose headers   'keep-alive': 'timeout=10, max=50',
32 verbose headers   connection: 'Keep-Alive' }
33 silly registry.get cb [ 200,
33 silly registry.get   { date: 'Fri, 21 Nov 2014 02:11:56 GMT',
33 silly registry.get     server: 'CouchDB/1.5.0 (Erlang OTP/R16B03)',
33 silly registry.get     etag: '"4CO7I67PZEMJW05FA2OLBJR36"',
33 silly registry.get     'content-type': 'application/json',
33 silly registry.get     'cache-control': 'max-age=60',
33 silly registry.get     'content-length': '87473',
33 silly registry.get     'accept-ranges': 'bytes',
33 silly registry.get     via: '1.1 varnish',
33 silly registry.get     age: '42',
33 silly registry.get     'x-served-by': 'cache-lcy1122-LCY',
33 silly registry.get     'x-cache': 'HIT',
33 silly registry.get     'x-cache-hits': '1',
33 silly registry.get     'x-timer': 'S1416535916.487752,VS0,VE0',
33 silly registry.get     vary: 'Accept',
33 silly registry.get     'keep-alive': 'timeout=10, max=50',
33 silly registry.get     connection: 'Keep-Alive' } ]
34 silly lockFile 55f1ff24-grunt grunt@
35 silly lockFile 55f1ff24-grunt grunt@
36 error SyntaxError: Unexpected end of input
36 error {"_id":"grunt","_rev":"877-2025851add7b29b052fe4bd2ed6695ed","name":"grunt","description":"The JavaScript Task Runner","dist-tags":{"latest":"0.4.5","03-devel":"0.3.13-a","devel":"0.4.0-rc2","master":"0.4.0-rc8"},"versions":{"0.1.0":{"author":{"name":"\"Cowboy\" Ben Alman","url":"http://benalman.com/"},"name":"grunt","description":"A command line build tool for JavaScript projects.","version":"0.1.0","homepage":"http://github.com/cowboy/grunt","repository":{"type":"git","url":"git://github.com/cowboy/grunt.git"},"bugs":{"url":"http://github.com/cowboy/grunt/issues"},"licenses":[{"type":"MIT","url":"http://github.com/cowboy/grunt/blob/master/LICENSE-MIT"}],"main":"lib/grunt","bin":{"grunt":"bin/grunt"},"engines":{"node":">= 0.4.12"},"preferGlobal":true,"keywords":["cli","minify","uglify","build","underscore","unit","test","make","jake","tool"],"dependencies":{"colors":"~0.6.0","dateformat":"1.0.2-1.2.3","glob-whatev":"~0.1.0","handlebars":"1.0.2beta","jshint":"~0.5","nodeunit":"~0.6.4","nopt":"~1.0.10","uglify-js":"~1.0.7","underscore":"~1.2.4","gzip-js":"~0.3.1"},"devDependencies":{},"_npmUser":{"name":"cowboy","email":"cowboy@rj3.net"},"_id":"grunt@0.1.0","_engineSupported":true,"_npmVersion":"1.0.106","_nodeVersion":"v0.6.6","_defaultsLoaded":true,"dist":{"shasum":"8f2e718664a7db2d5efdb27622ba2d22277039d1","tarball":"http://registry.npmjs.org/grunt/-/grunt-0.1.0.tgz"},"maintainers":[{"name":"cowboy","email":"cowboy@rj3.net"}],"directories":{}},"0.1.1":{"author":{"name":"\"Cowboy\" Ben Alman","url":"http://benalman.com/"},"name":"grunt","description":"A command line build tool for JavaScript projects.","version":"0.1.1","homepage":"http://github.com/cowboy/grunt","repository":{"type":"git","url":"git://github.com/cowboy/grunt.git"},"bugs":{"url":"http://github.com/cowboy/grunt/issues"},"licenses":[{"type":"MIT","url":"http://github.com/cowboy/grunt/blob/master/LICENSE-MIT"}],"main":"lib/grunt","bin":{"grunt":"bin/grunt"},"engines":{"node":">= 0.4.12"},"preferGlobal":true,"keywords":["cli","minify","uglify","build","underscore","unit","test","make","jake","tool"],"dependencies":{"colors":"~0.6.0","dateformat":"1.0.2-1.2.3","glob-whatev":"~0.1.0","handlebars":"1.0.2beta","jshint":"~0.5","nodeunit":"~0.6.4","nopt":"~1.0.10","uglify-js":"~1.0.7","underscore":"~1.2.4","gzip-js":"~0.3.1"},"devDependencies":{},"_npmUser":{"name":"cowboy","email":"cowboy@rj3.net"},"_id":"grunt@0.1.1","_engineSupported":true,"_npmVersion":"1.0.106","_nodeVersion":"v0.6.7","_defaultsLoaded":true,"dist":{"shasum":"1ec7c1be13b3c5d805424d3735c9d3b5bb91b98a","tarball":"http://registry.npmjs.org/grunt/-/grunt-0.1.1.tgz"},"maintainers":[{"name":"cowboy","email":"cowboy@rj3.net"}],"directories":{}},"0.1.2":{"author":{"name":"\"Cowboy\" Ben Alman","url":"http://benalman.com/"},"name":"grunt","description":"A command line build tool for JavaScript projects.","version":"0.1.2","homepage":"http://github.com/cowboy/grunt","repository":{"type":"git","url":"git://github.com/cowboy/grunt.git"},"bugs":{"url":"http://github.com/cowboy/grunt/issues"},"licenses":[{"type":"MIT","url":"http://github.com/cowboy/grunt/blob/master/LICENSE-MIT"}],"main":"lib/grunt","bin":{"grunt":"bin/grunt"},"engines":{"node":">= 0.4.12"},"preferGlobal":true,"keywords":["cli","minify","uglify","build","underscore","unit","test","make","jake","tool"],"dependencies":{"colors":"~0.6.0","dateformat":"1.0.2-1.2.3","glob-whatev":"~0.1.0","handlebars":"1.0.2beta","jshint":"~0.5","nodeunit":"~0.6.4","nopt":"~1.0.10","uglify-js":"~1.0.7","underscore":"~1.2.4","gzip-js":"~0.3.1"},"devDependencies":{},"_npmUser":{"name":"cowboy","email":"cowboy@rj3.net"},"_id":"grunt@0.1.2","_engineSupported":true,"_npmVersion":"1.0.106","_nodeVersion":"v0.6.7","_defaultsLoaded":true,"dist":{"shasum":"f56884f5032b7b9aa479dcff43a3a189b880e2d2","tarball":"http://registry.npmjs.org/grunt/-/grunt-0.1.2.tgz"},"maintainers":[{"name":"cowboy","email":"cowboy@rj3.net"}],"directories":{}},"0.2.0":{"name":"grunt","description":"A command line build tool for JavaScript projects.","version":"0.2.0","author":{"name":"\"Cowboy\" Ben Alman","url":"http://benalman.com/"},"homepage":"http://github.com/cowboy/grunt","repository":{"type":"git","url":"git://github.com/cowboy/grunt.git"},"bugs":{"url":"http://github.com/cowboy/grunt/issues"},"licenses":[{"type":"MIT","url":"http://github.com/cowboy/grunt/blob/master/LICENSE-MIT"}],"main":"lib/grunt","bin":{"grunt":"bin/grunt"},"scripts":{"test":"grunt test"},"engines":{"node":">= 0.4.12"},"preferGlobal":true,"keywords":["cli","minify","uglify","build","underscore","unit","test","make","jake","tool"],"dependencies":{"async":"~0.1.15","colors":"~0.6.0","dateformat":"1.0.2-1.2.3","glob-whatev":"~0.1.0","handlebars":"1.0.2beta","jshint":"~0.5","nodeunit":"~0.6.4","nopt":"~1.0.10","prompt":"~0.1.12","semver":"~1.0.13","uglify-js":"~1.0.7","underscore":"~1.2.4","gzip-js":"~0.3.1"},"devDependencies":{},"_npmUser":{"name":"cowboy","email":"cowboy@rj3.net"},"_id":"grunt@0.2.0","_engineSupported":true,"_npmVersion":"1.0.106","_nodeVersion":"v0.6.7","_defaultsLoaded":true,"dist":{"shasum":"316dcec57682b1b3ac6d4a46401e2fa0850d96a5","tarball":"http://registry.npmjs.org/grunt/-/grunt-0.2.0.tgz"},"maintainers":[{"name":"cowboy","email":"cowboy@rj3.net"}],"directories":{}},"0.2.1":{"name":"grunt","description":"A command line build tool for JavaScript projects.","version":"0.2.1","author":{"name":"\"Cowboy\" Ben Alman","url":"http://benalman.com/"},"homepage":"http://github.com/cowboy/grunt","repository":{"type":"git","url":"git://github.com/cowboy/grunt.git"},"bugs":{"url":"http://github.com/cowboy/grunt/issues"},"licenses":[{"type":"MIT","url":"http://github.com/cowboy/grunt/blob/master/LICENSE-MIT"}],"main":"lib/grunt","bin":{"grunt":"bin/grunt"},"scripts":{"test":"grunt test"},"engines":{"node":">= 0.6.0"},"preferGlobal":true,"keywords":["cli","minify","uglify","build","underscore","unit","test","make","jake","tool"],"dependencies":{"async":"~0.1.15","colors":"~0.6.0","dateformat":"1.0.2-1.2.3","glob-whatev":"~0.1.0","jshint":"~0.5","nodeunit":"~0.6.4","nopt":"~1.0.10","prompt":"~0.1.12","semver":"~1.0.13","uglify-js":"~1.0.7","underscore":"~1.2.4","gzip-js":"~0.3.1"},"devDependencies":{},"_npmUser":{"name":"cowboy","email":"cowboy@rj3.net"},"_id":"grunt@0.2.1","_engineSupported":true,"_npmVersion":"1.0.106","_nodeVersion":"v0.6.7","_defaultsLoaded":true,"dist":{"shasum":"5dcde15244e6b1fcd5e0e61cbc6c7f3b1c9edaa5","tarball":"http://registry.npmjs.org/grunt/-/grunt-0.2.1.tgz"},"maintainers":[{"name":"cowboy","email":"cowboy@rj3.net"}],"directories":{}},"0.2.2":{"name":"grunt","description":"A command line build tool for JavaScript projects.","version":"0.2.2","author":{"name":"\"Cowboy\" Ben Alman","url":"http://benalman.com/"},"homepage":"http://github.com/cowboy/grunt","repository":{"type":"git","url":"git://github.com/cowboy/grunt.git"},"bugs":{"url":"http://github.com/cowboy/grunt/issues"},"licenses":[{"type":"MIT","url":"http://github.com/cowboy/grunt/blob/master/LICENSE-MIT"}],"main":"lib/grunt","bin":{"grunt":"bin/grunt"},"scripts":{"test":"grunt test"},"engines":{"node":">= 0.6.0"},"preferGlobal":true,"keywords":["cli","minify","uglify","build","underscore","unit","test","make","jake","tool"],"dependencies":{"async":"~0.1.15","colors":"~0.6.0","dateformat":"1.0.2-1.2.3","glob-whatev":"~0.1.0","jshint":"~0.5","nodeunit":"~0.6.4","nopt":"~1.0.10","prompt":"~0.1.12","semver":"~1.0.13","uglify-js":"~1.0.7","underscore":"~1.2.4","gzip-js":"~0.3.1"},"devDependencies":{},"_npmUser":{"name":"cowboy","email":"cowboy@rj3.net"},"_id":"grunt@0.2.2","_engineSupported":true,"_npmVersion":"1.0.106","_nodeVersion":"v0.6.7","_defaultsLoaded":true,"dist":{"shasum":"7105c2f3f3c046812d982089f7ba2d2a3f0d35f7","tarball":"http://registry.npmjs.org/grunt/-/grunt-0.2.2.tgz"},"maintainers":[{"name":"cowboy","email":"cowboy@rj3.net"}],"directories":{}},"0.2.3":{"name":"grunt","description":"A command line build tool for JavaScript projects.","version":"0.2.3","author":{"name":"\"Cowboy\" Ben Alman","url":"http://benalman.com/"},"homepage":"http://github.com/cowboy/grunt","repository":{"type":"git","url":"git://github.com/cowboy/grun
36 error     at Object.parse (native)
36 error     at RegClient.<anonymous> (C:\Program Files\nodejs\node_modules\npm\node_modules\npm-registry-client\lib\request.js:274:23)
36 error     at Request._callback (C:\Program Files\nodejs\node_modules\npm\node_modules\npm-registry-client\lib\request.js:246:65)
36 error     at Request.self.callback (C:\Program Files\nodejs\node_modules\npm\node_modules\request\request.js:236:22)
36 error     at Request.emit (events.js:98:17)
36 error     at Request.<anonymous> (C:\Program Files\nodejs\node_modules\npm\node_modules\request\request.js:1142:14)
36 error     at Request.emit (events.js:117:20)
36 error     at IncomingMessage.<anonymous> (C:\Program Files\nodejs\node_modules\npm\node_modules\request\request.js:1096:12)
36 error     at IncomingMessage.emit (events.js:117:20)
36 error     at _stream_readable.js:943:16
37 error If you need help, you may report this *entire* log,
37 error including the npm and node versions, at:
37 error     <http://github.com/npm/npm/issues>
38 error System Windows_NT 6.2.9200
39 error command "C:\\Program Files\\nodejs\\\\node.exe" "C:\\Program Files\\nodejs\\node_modules\\npm\\bin\\npm-cli.js" "install" "grunt" "--save-dev"
40 error cwd D:\myblog
41 error node -v v0.10.32
42 error npm -v 1.4.28
43 error type unexpected_eos
44 verbose exit [ 1, true ]
